Log Entry : 2016年06月11日 13:14:03
方法:System.Web.Mvc.ViewEngineResult FindView(System.Web.Mvc.ControllerContext),异常信息:未找到视图“checkorderafterservice”或其母版视图，或没有视图引擎支持搜索的位置。搜索了以下位置: 
~/admin_mall/views/order/checkorderafterservice.cshtml
~/admin_mall/views/shared/checkorderafterservice.cshtml
------------------------------------
Log Entry : 2016年06月11日 13:26:56
方法:Void OnError(System.Data.SqlClient.SqlException, Boolean, System.Action`1[System.Action]),异常信息:过程或函数 'bma_sendorderafterservice' 需要参数 '@sendtime'，但未提供该参数。
------------------------------------
Log Entry : 2016年06月11日 13:29:23
方法:Void OnError(System.Data.SqlClient.SqlException, Boolean, System.Action`1[System.Action]),异常信息:过程或函数 'bma_sendorderafterservice' 需要参数 '@sendtime'，但未提供该参数。
------------------------------------
Log Entry : 2016年06月11日 13:34:01
方法:Void OnError(System.Data.SqlClient.SqlException, Boolean, System.Action`1[System.Action]),异常信息:过程或函数 'bma_sendorderafterservice' 需要参数 '@sendtime'，但未提供该参数。
------------------------------------
Log Entry : 2016年06月11日 13:35:47
方法:Void OnError(System.Data.SqlClient.SqlException, Boolean, System.Action`1[System.Action]),异常信息:过程或函数 'bma_sendorderafterservice' 需要参数 '@sendtime'，但未提供该参数。
------------------------------------
Log Entry : 2016年06月11日 13:39:22
方法:System.Collections.Generic.IEnumerable`1[System.Web.Mvc.SelectListItem] GetSelectData(System.Web.Mvc.HtmlHelper, System.String),异常信息:具有键“ShipCoId”的 ViewData 项属于类型“System.Int32”，但它必须属于类型“IEnumerable<SelectListItem>”。
------------------------------------
Log Entry : 2016年06月11日 13:56:00
方法:TSource First[TSource](System.Collections.Generic.IEnumerable`1[TSource], System.Func`2[TSource,System.Boolean]),异常信息:序列不包含任何匹配元素
------------------------------------
Log Entry : 2016年06月11日 13:58:55
方法:TSource First[TSource](System.Collections.Generic.IEnumerable`1[TSource], System.Func`2[TSource,System.Boolean]),异常信息:序列不包含任何匹配元素
------------------------------------
Log Entry : 2016年06月11日 13:58:55
方法:TSource First[TSource](System.Collections.Generic.IEnumerable`1[TSource], System.Func`2[TSource,System.Boolean]),异常信息:序列不包含任何匹配元素
------------------------------------
Log Entry : 2016年06月11日 13:58:55
方法:TSource First[TSource](System.Collections.Generic.IEnumerable`1[TSource], System.Func`2[TSource,System.Boolean]),异常信息:序列不包含任何匹配元素
------------------------------------
Log Entry : 2016年06月11日 13:58:57
方法:TSource First[TSource](System.Collections.Generic.IEnumerable`1[TSource], System.Func`2[TSource,System.Boolean]),异常信息:序列不包含任何匹配元素
------------------------------------
Log Entry : 2016年06月11日 13:58:58
方法:TSource First[TSource](System.Collections.Generic.IEnumerable`1[TSource], System.Func`2[TSource,System.Boolean]),异常信息:序列不包含任何匹配元素
------------------------------------
Log Entry : 2016年06月11日 13:58:58
方法:TSource First[TSource](System.Collections.Generic.IEnumerable`1[TSource], System.Func`2[TSource,System.Boolean]),异常信息:序列不包含任何匹配元素
------------------------------------
